<?xml version="1.0" encoding="UTF-8"?>
<!-- Generated by org.testng.reporters.JUnitReportReporter -->
<testsuite hostname="Arsany" failures="0" tests="1" name="test.java.Testing" time="52.478" errors="0" timestamp="2022-12-12T23:44:46 PST" skipped="0">
  <testcase classname="test.java.Testing" name="test" time="52.478"/>
  <system-out/>
</testsuite> <!-- test.java.Testing -->
